\BOOKMARK [-1][-]{Approval Form.-1}{Approval Form}{}% 1
\BOOKMARK [-1][-]{Front Matter.-1}{Front Matter}{}% 2
\BOOKMARK [0][-]{Title Page.0}{Title Page}{Front Matter.-1}% 3
\BOOKMARK [0][-]{Copyright Page.0}{Copyright Page}{Front Matter.-1}% 4
\BOOKMARK [0][-]{Table of Contents.0}{Table of Contents}{Front Matter.-1}% 5
\BOOKMARK [0][-]{section*.2}{List of Tables}{Front Matter.-1}% 6
\BOOKMARK [0][-]{section*.3}{List of Figures}{Front Matter.-1}% 7
\BOOKMARK [0][-]{section*.4}{Abstract}{Front Matter.-1}% 8
\BOOKMARK [0][-]{chapter.1}{Introduction}{Front Matter.-1}% 9
\BOOKMARK [0][-]{chapter.2}{Background}{Front Matter.-1}% 10
\BOOKMARK [1][-]{section.2.1}{Video Encoding}{chapter.2}% 11
\BOOKMARK [1][-]{section.2.2}{Frame Deletion Detection}{chapter.2}% 12
\BOOKMARK [2][-]{subsection.2.2.1}{Frame Deletion Detection on H.264}{section.2.2}% 13
\BOOKMARK [1][-]{section.2.3}{Autoregressive Models}{chapter.2}% 14
\BOOKMARK [1][-]{section.2.4}{Support Vector Machines}{chapter.2}% 15
\BOOKMARK [0][-]{chapter.3}{Problem Formulation}{Front Matter.-1}% 16
\BOOKMARK [1][-]{section.3.1}{Video Frame Deletion Detection}{chapter.3}% 17
\BOOKMARK [0][-]{chapter.4}{Proposed Approach}{Front Matter.-1}% 18
\BOOKMARK [1][-]{section.4.1}{Prediction Error Sequence Extraction}{chapter.4}% 19
\BOOKMARK [2][-]{subsection.4.1.1}{Proposed Prediction Error Sequence Extractor for H.264}{section.4.1}% 20
\BOOKMARK [1][-]{section.4.2}{Proposed Detection Algorithm}{chapter.4}% 21
\BOOKMARK [0][-]{chapter.5}{Experimental Results}{Front Matter.-1}% 22
\BOOKMARK [1][-]{section.5.1}{Single Camera Model}{chapter.5}% 23
\BOOKMARK [1][-]{section.5.2}{Multiple Camera Models}{chapter.5}% 24
\BOOKMARK [1][-]{section.5.3}{Additional Work}{chapter.5}% 25
\BOOKMARK [0][-]{chapter.6}{Conclusion}{Front Matter.-1}% 26
\BOOKMARK [-1][-]{Back Matter.-1}{Back Matter}{}% 27
