\BOOKMARK [-1][-]{Approval Form.-1}{Approval Form}{}% 1
\BOOKMARK [-1][-]{Front Matter.-1}{Front Matter}{}% 2
\BOOKMARK [0][-]{Title Page.0}{Title Page}{Front Matter.-1}% 3
\BOOKMARK [0][-]{Copyright Page.0}{Copyright Page}{Front Matter.-1}% 4
\BOOKMARK [0][-]{Dedications.0}{Dedications}{Front Matter.-1}% 5
\BOOKMARK [0][-]{Acknowledgments.0}{Acknowledgments}{Front Matter.-1}% 6
\BOOKMARK [0][-]{Table of Contents.0}{Table of Contents}{Front Matter.-1}% 7
\BOOKMARK [0][-]{section*.4}{List of Tables}{Front Matter.-1}% 8
\BOOKMARK [0][-]{section*.5}{List of Figures}{Front Matter.-1}% 9
\BOOKMARK [0][-]{section*.6}{Abstract}{Front Matter.-1}% 10
\BOOKMARK [0][-]{chapter.1}{Background}{Front Matter.-1}% 11
\BOOKMARK [1][-]{section.1.1}{Video Encoding}{chapter.1}% 12
\BOOKMARK [1][-]{section.1.2}{Frame Deletion Detection}{chapter.1}% 13
\BOOKMARK [1][-]{section.1.3}{Autoregressive Models}{chapter.1}% 14
\BOOKMARK [1][-]{section.1.4}{Support Vector Machines}{chapter.1}% 15
\BOOKMARK [0][-]{chapter.2}{Problem Formulation}{Front Matter.-1}% 16
\BOOKMARK [1][-]{section.2.1}{Video Frame Deletion Detection}{chapter.2}% 17
\BOOKMARK [0][-]{chapter.3}{Proposed Approach}{Front Matter.-1}% 18
\BOOKMARK [1][-]{section.3.1}{Prediction Error Sequence Extraction}{chapter.3}% 19
\BOOKMARK [2][-]{subsection.3.1.1}{Proposed Prediction Error Sequence Extractor for H.264}{section.3.1}% 20
\BOOKMARK [1][-]{section.3.2}{Proposed Detection Algorithm}{chapter.3}% 21
\BOOKMARK [0][-]{chapter.4}{Experimental Results}{Front Matter.-1}% 22
\BOOKMARK [-1][-]{Back Matter.-1}{Back Matter}{}% 23
\BOOKMARK [0][-]{appendix.A}{Some Appendix Heading}{Back Matter.-1}% 24
\BOOKMARK [0][-]{appendix.B}{Another Appendix Heading}{Back Matter.-1}% 25
\BOOKMARK [0][-]{section*.18}{Vita}{Back Matter.-1}% 26
